<?xml version="1.0" encoding="UTF-8"?>
<testng-results ignored="0" total="1" passed="1" failed="0" skipped="0">
  <reporter-output>
  </reporter-output>
  <suite started-at="2023-02-13T18:45:34 IST" name="Default suite" finished-at="2023-02-13T18:45:37 IST" duration-ms="3177">
    <groups>
    </groups>
    <test started-at="2023-02-13T18:45:34 IST" name="Default test" finished-at="2023-02-13T18:45:37 IST" duration-ms="3177">
      <class name="tests.TestSamples">
        <test-method signature="test1()[pri:0, instance:tests.TestSamples@2a54a73f]" started-at="2023-02-13T18:45:34 IST" name="test1" finished-at="2023-02-13T18:45:37 IST" duration-ms="3088" status="PASS">
          <reporter-output>
          </reporter-output>
        </test-method> <!-- test1 -->
      </class> <!-- tests.TestSamples -->
    </test> <!-- Default test -->
  </suite> <!-- Default suite -->
</testng-results>
